pages/ai-moderation.tsx(2,58): error TS2307: Cannot find module '@/components/ui/card' or its corresponding type declarations.
pages/ai-moderation.tsx(3,23): error TS2307: Cannot find module '@/components/ui/badge' or its corresponding type declarations.
pages/ai-moderation.tsx(4,24): error TS2307: Cannot find module '@/components/ui/button' or its corresponding type declarations.
pages/ai-moderation.tsx(5,23): error TS2307: Cannot find module '@/components/ui/input' or its corresponding type declarations.
pages/ai-moderation.tsx(6,79): error TS2307: Cannot find module '@/components/ui/select' or its corresponding type declarations.
pages/ai-moderation.tsx(7,58): error TS2307: Cannot find module '@/components/ui/tabs' or its corresponding type declarations.
pages/ai-moderation.tsx(8,41): error TS2307: Cannot find module '@/components/ui/alert' or its corresponding type declarations.
pages/ai-moderation.tsx(22,8): error TS2307: Cannot find module 'lucide-react' or its corresponding type declarations.
pages/ai-moderation.tsx(351,30): error TS7006: Parameter 'e' implicitly has an 'any' type.
pages/api/admin/moderation/flags.ts(2,32): error TS2307: Cannot find module '../../../../backend/src/models/ModerationFlag' or its corresponding type declarations.
pages/api/admin/moderation/stats.ts(2,37): error TS2307: Cannot find module '../../../../backend/src/services/AIModerationService' or its corresponding type declarations.
pages/dashboard/analytics/behavior.tsx(3,20): error TS2307: Cannot find module 'swr' or its corresponding type declarations.
pages/dashboard/analytics/heatmaps.tsx(15,3): error TS2305: Module '"@heroicons/react/24/outline"' has no exported member 'SnowflakeIcon'.
pages/dashboard/business-analytics.tsx(6,10): error TS2305: Module '"../../lib/api"' has no exported member 'api'.
pages/dashboard/business-analytics.tsx(18,8): error TS2307: Cannot find module 'chart.js' or its corresponding type declarations.
pages/dashboard/business-analytics.tsx(19,37): error TS2307: Cannot find module 'react-chartjs-2' or its corresponding type declarations.
pages/dashboard/business-analytics.tsx(103,23): error TS2551: Property 'role' does not exist on type 'User'. Did you mean 'roles'?
pages/dashboard/empire.tsx(6,10): error TS2305: Module '"../../lib/api"' has no exported member 'api'.
pages/dashboard/empire.tsx(7,31): error TS2307: Cannot find module 'react-chartjs-2' or its corresponding type declarations.
pages/dashboard/empire.tsx(69,23): error TS2551: Property 'role' does not exist on type 'User'. Did you mean 'roles'?
pages/dashboard/index.tsx(2,20): error TS2307: Cannot find module 'swr' or its corresponding type declarations.
pages/dashboard/index.tsx(9,3): error TS2305: Module '"@heroicons/react/24/outline"' has no exported member 'TrendingUpIcon'.
pages/dashboard/index.tsx(10,3): error TS2724: '"@heroicons/react/24/outline"' has no exported member named 'TrendingDownIcon'. Did you mean 'ArrowTrendingDownIcon'?
pages/dashboard/og.tsx(1,20): error TS2307: Cannot find module 'swr' or its corresponding type declarations.
pages/dashboard/promotions/campaigns.tsx(4,20): error TS2307: Cannot find module 'swr' or its corresponding type declarations.
pages/dashboard/simulations.tsx(6,10): error TS2305: Module '"../../lib/api"' has no exported member 'api'.
pages/dashboard/simulations.tsx(7,22): error TS2307: Cannot find module 'react-chartjs-2' or its corresponding type declarations.
pages/dashboard/simulations.tsx(65,23): error TS2551: Property 'role' does not exist on type 'User'. Did you mean 'roles'?
pages/dashboard/system/problems.tsx(3,20): error TS2307: Cannot find module 'swr' or its corresponding type declarations.
pages/dashboard/system/problems.tsx(17,3): error TS2305: Module '"@heroicons/react/24/outline"' has no exported member 'DatabaseIcon'.
pages/dashboard/system/roles.tsx(3,20): error TS2307: Cannot find module 'swr' or its corresponding type declarations.
pages/dashboard/users/index.tsx(4,20): error TS2307: Cannot find module 'swr' or its corresponding type declarations.
pages/dashboard/users/index.tsx(65,7): error TS2322: Type 'null' is not assignable to type 'string | undefined'.
pages/dashboard/users/index.tsx(83,7): error TS2322: Type 'null' is not assignable to type 'string | undefined'.
pages/dashboard/users/index.tsx(101,7): error TS2322: Type 'null' is not assignable to type 'string | undefined'.
pages/dashboard/users/index.tsx(329,60): error TS7006: Parameter 'u' implicitly has an 'any' type.
pages/dashboard/users/index.tsx(359,35): error TS7006: Parameter 'user' implicitly has an 'any' type.
